{
  "stats": {
    "suites": 7,
    "tests": 26,
    "passes": 26,
    "pending": 0,
    "failures": 0,
    "start": "2024-02-12T04:04:13.814Z",
    "end": "2024-02-12T04:04:20.796Z",
    "duration": 6982,
    "testsRegistered": 26,
    "passPercent": 100,
    "pendingPercent": 0,
    "other": 0,
    "hasOther": false,
    "skipped": 0,
    "hasSkipped": false
  },
  "results": [
    {
      "uuid": "ce9ba011-3b06-4bc9-976b-fcb78f10d7c8",
      "title": "",
      "fullFile": "",
      "file": "",
      "beforeHooks": [],
      "afterHooks": [],
      "tests": [],
      "suites": [
        {
          "uuid": "099038a7-bec8-470a-ba51-5601e6ec367d",
          "title": "Login account",
          "fullFile": "F:\\SABERCODE QA\\QA Sanber\\API-Automation-SanberCode\\KasirAja\\allmodules.js",
          "file": "\\KasirAja\\allmodules.js",
          "beforeHooks": [],
          "afterHooks": [],
          "tests": [
            {
              "title": "login with data valid",
              "fullTitle": "Login account login with data valid",
              "timedOut": false,
              "duration": 798,
              "state": "passed",
              "speed": "slow",
              "pass": true,
              "fail": false,
              "pending": false,
              "context": null,
              "code": "const response = await request (baseUrlKasirAja)\n.post('/authentications')\n.send(db)\nexpect((await response).status).to.equal(201)\nexpect((await response).body.message).to.equal('Authentication berhasil ditambahkan')\n\n  globalToken = ((await response).body.data.accessToken)",
              "err": {},
              "uuid": "571c8e75-cca5-4e3e-8968-d5d6c7631ca3",
              "parentUUID": "099038a7-bec8-470a-ba51-5601e6ec367d",
              "isHook": false,
              "skipped": false
            }
          ],
          "suites": [],
          "passes": [
            "571c8e75-cca5-4e3e-8968-d5d6c7631ca3"
          ],
          "failures": [],
          "pending": [],
          "skipped": [],
          "duration": 798,
          "root": false,
          "rootEmpty": false,
          "_timeout": 2000
        },
        {
          "uuid": "27333dc1-50ae-4e61-bbaf-9864d3ece08e",
          "title": "User",
          "fullFile": "F:\\SABERCODE QA\\QA Sanber\\API-Automation-SanberCode\\KasirAja\\allmodules.js",
          "file": "\\KasirAja\\allmodules.js",
          "beforeHooks": [],
          "afterHooks": [],
          "tests": [
            {
              "title": "Create user with data valid",
              "fullTitle": "User Create user with data valid",
              "timedOut": false,
              "duration": 570,
              "state": "passed",
              "speed": "slow",
              "pass": true,
              "fail": false,
              "pending": false,
              "context": null,
              "code": "const response = await request(baseUrlKasirAja)\n.post('/users')\n.set('Authorization',`Bearer ${globalToken}`)\n.send(users)\n// console.log(data);\nexpect((await response).body.message).to.have.equal(\"User berhasil ditambahkan\")\nexpect((await response).status).to.equal(201)",
              "err": {},
              "uuid": "46b898d0-eceb-4fcc-a1d9-8af6046fa1a2",
              "parentUUID": "27333dc1-50ae-4e61-bbaf-9864d3ece08e",
              "isHook": false,
              "skipped": false
            },
            {
              "title": "Get user list",
              "fullTitle": "User Get user list",
              "timedOut": false,
              "duration": 278,
              "state": "passed",
              "speed": "slow",
              "pass": true,
              "fail": false,
              "pending": false,
              "context": null,
              "code": "const response = await request(baseUrlKasirAja)\n.get('/users')\n.set('Authorization',`Bearer ${globalToken}`)\n\n// console.log(data);\nexpect((await response).status).to.equal(200)\nexpect((await response).body.status).to.have.equal(\"success\")",
              "err": {},
              "uuid": "2122eeee-2c33-4b95-ba38-5ec0e1a7c6b4",
              "parentUUID": "27333dc1-50ae-4e61-bbaf-9864d3ece08e",
              "isHook": false,
              "skipped": false
            },
            {
              "title": "Update user",
              "fullTitle": "User Update user",
              "timedOut": false,
              "duration": 205,
              "state": "passed",
              "speed": "slow",
              "pass": true,
              "fail": false,
              "pending": false,
              "context": null,
              "code": "const updateUser = {\n    \"name\": \"update-user\",\n    \"email\": \"user@example.com\"\n}\n    \nconst response = await request(baseUrlKasirAja)\n.put('/users/576ed8d3-c65c-48bf-bb6b-ad865c18d528')\n.set('Authorization',`Bearer ${globalToken}`)\n.send(updateUser)\n// console.log(data);\nexpect((await response).status).to.equal(200)\nexpect((await response).body.status).to.have.equal(\"success\")",
              "err": {},
              "uuid": "881b445c-77d0-40e8-b529-8296706e6036",
              "parentUUID": "27333dc1-50ae-4e61-bbaf-9864d3ece08e",
              "isHook": false,
              "skipped": false
            },
            {
              "title": "Delete user",
              "fullTitle": "User Delete user",
              "timedOut": false,
              "duration": 233,
              "state": "passed",
              "speed": "slow",
              "pass": true,
              "fail": false,
              "pending": false,
              "context": null,
              "code": "const response = await request(baseUrlKasirAja)\n    .delete('/users/576ed8d3-c65c-48bf-bb6b-ad865c18d528')\n    .set('Authorization',`Bearer ${globalToken}`)\n\n    // console.log(data);\n    expect((await response).status).to.equal(200)\n    expect((await response).body.status).to.have.equal(\"success\")",
              "err": {},
              "uuid": "45bb1435-1ab0-47a5-8441-f6c582bee7d0",
              "parentUUID": "27333dc1-50ae-4e61-bbaf-9864d3ece08e",
              "isHook": false,
              "skipped": false
            }
          ],
          "suites": [],
          "passes": [
            "46b898d0-eceb-4fcc-a1d9-8af6046fa1a2",
            "2122eeee-2c33-4b95-ba38-5ec0e1a7c6b4",
            "881b445c-77d0-40e8-b529-8296706e6036",
            "45bb1435-1ab0-47a5-8441-f6c582bee7d0"
          ],
          "failures": [],
          "pending": [],
          "skipped": [],
          "duration": 1286,
          "root": false,
          "rootEmpty": false,
          "_timeout": 2000
        },
        {
          "uuid": "b8d79994-bcd2-43fa-80eb-40f6add1a79c",
          "title": "Customers",
          "fullFile": "F:\\SABERCODE QA\\QA Sanber\\API-Automation-SanberCode\\KasirAja\\allmodules.js",
          "file": "\\KasirAja\\allmodules.js",
          "beforeHooks": [],
          "afterHooks": [],
          "tests": [
            {
              "title": "add customer",
              "fullTitle": "Customers add customer",
              "timedOut": false,
              "duration": 221,
              "state": "passed",
              "speed": "slow",
              "pass": true,
              "fail": false,
              "pending": false,
              "context": null,
              "code": "const addCustomers = {\n    \"name\": \"Anthony\",\n    \"phone\": \"081234567890\",\n    \"address\": \"Bandoeng\",\n    \"description\": \"Budi anak Pak Edi\"\n }\nconst response = await request(baseUrlKasirAja)\n.post('/customers')\n.set('Authorization', `Bearer ${globalToken}`)\n.send(addCustomers)\n  \nexpect((await response).status).to.equal(201)\nexpect((await response).body.status).to.equal('success')\nexpect((await response).body.message).to.equal('Customer berhasil ditambahkan')\ncustomersID = ((await response).body.data.customerId)\nexpect((await response).body.data.name).to.equal(addCustomers.name)\nconsole.log(customersID);",
              "err": {},
              "uuid": "6800f3dc-c39b-4e31-afc8-a2e7575d5ca9",
              "parentUUID": "b8d79994-bcd2-43fa-80eb-40f6add1a79c",
              "isHook": false,
              "skipped": false
            },
            {
              "title": "Get customer detail",
              "fullTitle": "Customers Get customer detail",
              "timedOut": false,
              "duration": 217,
              "state": "passed",
              "speed": "slow",
              "pass": true,
              "fail": false,
              "pending": false,
              "context": null,
              "code": "const response = await request(baseUrlKasirAja)\n.get(`/customers/${customersID}`)\n.set('Authorization', `Bearer ${globalToken}`)\n  \nconsole.log((await response).body);\nexpect((await response).status).to.equal(200)\nexpect((await response).body.status).to.equal('success')",
              "err": {},
              "uuid": "aa73f9cd-1169-4231-b3ca-7c10cf40339a",
              "parentUUID": "b8d79994-bcd2-43fa-80eb-40f6add1a79c",
              "isHook": false,
              "skipped": false
            },
            {
              "title": "Update customer ",
              "fullTitle": "Customers Update customer ",
              "timedOut": false,
              "duration": 235,
              "state": "passed",
              "speed": "slow",
              "pass": true,
              "fail": false,
              "pending": false,
              "context": null,
              "code": "let updateCustomer = {\n  \"name\": \"Budi Updated\",\n  \"phone\": \"08987654321\",\n  \"address\": \"Bandung\",\n  \"description\": \"Pelanggan VIP\"\n     }\n     \nconst response = await request(baseUrlKasirAja)\n.put(`/customers/${customersID}`)\n.set('Authorization', `Bearer ${globalToken}`)\n.send(updateCustomer)\n  \nconsole.log((await response).body);\nexpect((await response).status).to.equal(200)\nexpect((await response).body.status).to.equal('success')",
              "err": {},
              "uuid": "91105532-2a2d-427f-9218-d2d888fef368",
              "parentUUID": "b8d79994-bcd2-43fa-80eb-40f6add1a79c",
              "isHook": false,
              "skipped": false
            },
            {
              "title": "Delete customer ",
              "fullTitle": "Customers Delete customer ",
              "timedOut": false,
              "duration": 236,
              "state": "passed",
              "speed": "slow",
              "pass": true,
              "fail": false,
              "pending": false,
              "context": null,
              "code": "const response = await request(baseUrlKasirAja)\n.delete(`/customers/${customersID}`)\n.set('Authorization', `Bearer ${globalToken}`)\n  \nconsole.log((await response).body);\nexpect((await response).status).to.equal(200)\nexpect((await response).body.status).to.equal('success')",
              "err": {},
              "uuid": "06386431-2312-4d40-8ef3-83ae9154608e",
              "parentUUID": "b8d79994-bcd2-43fa-80eb-40f6add1a79c",
              "isHook": false,
              "skipped": false
            }
          ],
          "suites": [],
          "passes": [
            "6800f3dc-c39b-4e31-afc8-a2e7575d5ca9",
            "aa73f9cd-1169-4231-b3ca-7c10cf40339a",
            "91105532-2a2d-427f-9218-d2d888fef368",
            "06386431-2312-4d40-8ef3-83ae9154608e"
          ],
          "failures": [],
          "pending": [],
          "skipped": [],
          "duration": 909,
          "root": false,
          "rootEmpty": false,
          "_timeout": 2000
        },
        {
          "uuid": "35de0cfd-1aae-464f-a692-65b64e92f5f0",
          "title": "Units",
          "fullFile": "F:\\SABERCODE QA\\QA Sanber\\API-Automation-SanberCode\\KasirAja\\allmodules.js",
          "file": "\\KasirAja\\allmodules.js",
          "beforeHooks": [],
          "afterHooks": [],
          "tests": [
            {
              "title": "Add unit",
              "fullTitle": "Units Add unit",
              "timedOut": false,
              "duration": 211,
              "state": "passed",
              "speed": "slow",
              "pass": true,
              "fail": false,
              "pending": false,
              "context": null,
              "code": "const unit = {  \n    \"name\": \"kilogram\",\n    \"description\": \"heavy measurement\"}\nconst response = await request(baseUrlKasirAja)\n.post('/units')\n.set('Authorization', `Bearer ${globalToken}`)\n.send(unit)\n  \nexpect((await response).status).to.equal(201)\nexpect((await response).body.message).to.equal('Unit berhasil ditambahkan')",
              "err": {},
              "uuid": "20aa5b18-719e-43cc-bd22-4c17cc3457da",
              "parentUUID": "35de0cfd-1aae-464f-a692-65b64e92f5f0",
              "isHook": false,
              "skipped": false
            },
            {
              "title": "Get unit list",
              "fullTitle": "Units Get unit list",
              "timedOut": false,
              "duration": 271,
              "state": "passed",
              "speed": "slow",
              "pass": true,
              "fail": false,
              "pending": false,
              "context": null,
              "code": "const response = await request(baseUrlKasirAja)\n.get('/units')\n.set('Authorization', `Bearer ${globalToken}`)\n  \nexpect((await response).status).to.equal(200)",
              "err": {},
              "uuid": "61f88544-a144-4583-9bc4-3b1c397fb285",
              "parentUUID": "35de0cfd-1aae-464f-a692-65b64e92f5f0",
              "isHook": false,
              "skipped": false
            },
            {
              "title": "Update unit",
              "fullTitle": "Units Update unit",
              "timedOut": false,
              "duration": 219,
              "state": "passed",
              "speed": "slow",
              "pass": true,
              "fail": false,
              "pending": false,
              "context": null,
              "code": "const unit = {  \n    \"name\": \"update-saya\",\n    \"description\": \"sudah terupdate\"}\nconst response = await request(baseUrlKasirAja)\n.put('/units/8e950241-a6f3-42bb-9710-4636712fd847')\n.set('Authorization', `Bearer ${globalToken}`)\n.send(unit)\n  \nexpect((await response).status).to.equal(200)\nexpect((await response).body.status).to.equal('success')",
              "err": {},
              "uuid": "d1e552e0-f919-434a-a2a3-532793e0a843",
              "parentUUID": "35de0cfd-1aae-464f-a692-65b64e92f5f0",
              "isHook": false,
              "skipped": false
            },
            {
              "title": "Delete unit",
              "fullTitle": "Units Delete unit",
              "timedOut": false,
              "duration": 201,
              "state": "passed",
              "speed": "slow",
              "pass": true,
              "fail": false,
              "pending": false,
              "context": null,
              "code": "const response = await request(baseUrlKasirAja)\n.delete('/units/811f547e-a24e-4f94-bfe1-b7ed7d11c03f')\n.set('Authorization', `Bearer ${globalToken}`)\nexpect((await response).status).to.equal(200)",
              "err": {},
              "uuid": "dda73a5a-a9f0-468d-ae57-881ec3fd63c0",
              "parentUUID": "35de0cfd-1aae-464f-a692-65b64e92f5f0",
              "isHook": false,
              "skipped": false
            }
          ],
          "suites": [],
          "passes": [
            "20aa5b18-719e-43cc-bd22-4c17cc3457da",
            "61f88544-a144-4583-9bc4-3b1c397fb285",
            "d1e552e0-f919-434a-a2a3-532793e0a843",
            "dda73a5a-a9f0-468d-ae57-881ec3fd63c0"
          ],
          "failures": [],
          "pending": [],
          "skipped": [],
          "duration": 902,
          "root": false,
          "rootEmpty": false,
          "_timeout": 2000
        },
        {
          "uuid": "6a98c176-a3bb-47e1-8179-27f52e4101eb",
          "title": "Product",
          "fullFile": "F:\\SABERCODE QA\\QA Sanber\\API-Automation-SanberCode\\KasirAja\\allmodules.js",
          "file": "\\KasirAja\\allmodules.js",
          "beforeHooks": [],
          "afterHooks": [],
          "tests": [
            {
              "title": "Add product",
              "fullTitle": "Product Add product",
              "timedOut": false,
              "duration": 250,
              "state": "passed",
              "speed": "slow",
              "pass": true,
              "fail": false,
              "pending": false,
              "context": null,
              "code": "const response = await request(baseUrlKasirAja)\n.post('/products')\n.set('Authorization', `Bearer ${globalToken}`)\n.send(addProduct)\n productID = ((await response).body.data.productId)\n expect((await response).status).to.equal(201)\n expect((await response).body.status).to.equal('success')\n expect((await response).body.message).to.equal('Product berhasil ditambahkan')\nconsole.log((await response).body);",
              "err": {},
              "uuid": "4f32c29e-46c6-49cb-b5ce-cbcf7f569c91",
              "parentUUID": "6a98c176-a3bb-47e1-8179-27f52e4101eb",
              "isHook": false,
              "skipped": false
            },
            {
              "title": "Get product Detail",
              "fullTitle": "Product Get product Detail",
              "timedOut": false,
              "duration": 187,
              "state": "passed",
              "speed": "slow",
              "pass": true,
              "fail": false,
              "pending": false,
              "context": null,
              "code": "const response = await request(baseUrlKasirAja)\n.get(`/products/${productID}`)\n.set('Authorization', `Bearer ${globalToken}`)\nexpect((await response).status).to.equal(200)\nexpect((await response).body.status).to.equal('success')\nexpect((await response).body.data.product.name).to.equal(addProduct.name)\nconsole.log((await response).body);",
              "err": {},
              "uuid": "40a34829-b9af-49c3-8ce2-6ff5ab50dafc",
              "parentUUID": "6a98c176-a3bb-47e1-8179-27f52e4101eb",
              "isHook": false,
              "skipped": false
            },
            {
              "title": "Update product",
              "fullTitle": "Product Update product",
              "timedOut": false,
              "duration": 233,
              "state": "passed",
              "speed": "slow",
              "pass": true,
              "fail": false,
              "pending": false,
              "context": null,
              "code": "const response = await request(baseUrlKasirAja)\n.put(`/products/${productID}`)\n.set('Authorization', `Bearer ${globalToken}`)\n.send(updateProduct)\nexpect((await response).status).to.equal(200)\nexpect((await response).body.status).to.equal('success')\nexpect((await response).body.message).to.equal('Product berhasil diupdate')\nexpect((await response).body.data.name).to.equal(updateProduct.name)\nconsole.log((await response).body.data.name);",
              "err": {},
              "uuid": "41a1aedd-7fad-4c8b-ac13-42b17f26f94e",
              "parentUUID": "6a98c176-a3bb-47e1-8179-27f52e4101eb",
              "isHook": false,
              "skipped": false
            },
            {
              "title": "Delete product",
              "fullTitle": "Product Delete product",
              "timedOut": false,
              "duration": 194,
              "state": "passed",
              "speed": "slow",
              "pass": true,
              "fail": false,
              "pending": false,
              "context": null,
              "code": "const response = await request(baseUrlKasirAja)\n.delete(`/products/${productID}`)\n.set('Authorization', `Bearer ${globalToken}`)\nexpect((await response).status).to.equal(200)\nexpect((await response).body.status).to.equal('success')\nexpect((await response).body.message).to.equal('Product berhasil dihapus')",
              "err": {},
              "uuid": "aa1f205f-3e00-4704-9670-eeb2b48d5c3e",
              "parentUUID": "6a98c176-a3bb-47e1-8179-27f52e4101eb",
              "isHook": false,
              "skipped": false
            }
          ],
          "suites": [],
          "passes": [
            "4f32c29e-46c6-49cb-b5ce-cbcf7f569c91",
            "40a34829-b9af-49c3-8ce2-6ff5ab50dafc",
            "41a1aedd-7fad-4c8b-ac13-42b17f26f94e",
            "aa1f205f-3e00-4704-9670-eeb2b48d5c3e"
          ],
          "failures": [],
          "pending": [],
          "skipped": [],
          "duration": 864,
          "root": false,
          "rootEmpty": false,
          "_timeout": 2000
        },
        {
          "uuid": "8324f35b-17d6-40b6-8024-462b36830605",
          "title": "Add Category",
          "fullFile": "F:\\SABERCODE QA\\QA Sanber\\API-Automation-SanberCode\\KasirAja\\allmodules.js",
          "file": "\\KasirAja\\allmodules.js",
          "beforeHooks": [],
          "afterHooks": [],
          "tests": [
            {
              "title": "Add category",
              "fullTitle": "Add Category Add category",
              "timedOut": false,
              "duration": 243,
              "state": "passed",
              "speed": "slow",
              "pass": true,
              "fail": false,
              "pending": false,
              "context": null,
              "code": "const categories = {\n  \"name\": \"Tanggo Wafer\",\n  \"description\": \"Wafer Cokelat\"\n};\n  \nconst response = await request(baseUrlKasirAja)\n  .post('/categories')\n  .set('Authorization', `Bearer ${globalToken}`)\n  .send(categories);\n  \nexpect(response.status).to.equal(201);\nexpect(response.body.status).to.equal('success');\nexpect(response.body.message).to.equal('Category berhasil ditambahkan');\ncategoryID = response.body.data.categoryId;\nexpect(response.body.data.name).to.equal(categories.name);",
              "err": {},
              "uuid": "f0b1a6c6-d4ed-4876-a99c-658f3e4bda6a",
              "parentUUID": "8324f35b-17d6-40b6-8024-462b36830605",
              "isHook": false,
              "skipped": false
            },
            {
              "title": "Get category list",
              "fullTitle": "Add Category Get category list",
              "timedOut": false,
              "duration": 284,
              "state": "passed",
              "speed": "slow",
              "pass": true,
              "fail": false,
              "pending": false,
              "context": null,
              "code": "const response = await request(baseUrlKasirAja)\n  .get('/categories')\n  .set('Authorization', `Bearer ${globalToken}`);\n  \nexpect(response.status).to.equal(200);",
              "err": {},
              "uuid": "329538cb-72b2-405e-8d07-09f97cbe463f",
              "parentUUID": "8324f35b-17d6-40b6-8024-462b36830605",
              "isHook": false,
              "skipped": false
            },
            {
              "title": "Update category list",
              "fullTitle": "Add Category Update category list",
              "timedOut": false,
              "duration": 242,
              "state": "passed",
              "speed": "slow",
              "pass": true,
              "fail": false,
              "pending": false,
              "context": null,
              "code": "const dataupdate = {\n  \"name\": \"update-minuman\",\n  \"description\": \"no-minuman\"\n};\nconst response = await request(baseUrlKasirAja)\n  .put(`/categories/${categoryID}`)\n  .set('Authorization', `Bearer ${globalToken}`)\n  .send(dataupdate);\n  \nconsole.log((await response).body);\nexpect(response.status).to.equal(200);\nexpect(response.body.status).to.equal('success');\nexpect(response.body.data.name).to.equal(dataupdate.name);",
              "err": {},
              "uuid": "84b3d01d-4306-4379-b334-f65d0495db4f",
              "parentUUID": "8324f35b-17d6-40b6-8024-462b36830605",
              "isHook": false,
              "skipped": false
            },
            {
              "title": "Delete category list",
              "fullTitle": "Add Category Delete category list",
              "timedOut": false,
              "duration": 235,
              "state": "passed",
              "speed": "slow",
              "pass": true,
              "fail": false,
              "pending": false,
              "context": null,
              "code": "const response = await request(baseUrlKasirAja)\n  .delete(`/categories/${categoryID}`)\n  .set('Authorization', `Bearer ${globalToken}`)\nconsole.log((await response).body);\nexpect(response.status).to.equal(200);\nexpect(response.body.status).to.equal('success');",
              "err": {},
              "uuid": "0db0598a-d004-4199-9609-600b977d243b",
              "parentUUID": "8324f35b-17d6-40b6-8024-462b36830605",
              "isHook": false,
              "skipped": false
            }
          ],
          "suites": [],
          "passes": [
            "f0b1a6c6-d4ed-4876-a99c-658f3e4bda6a",
            "329538cb-72b2-405e-8d07-09f97cbe463f",
            "84b3d01d-4306-4379-b334-f65d0495db4f",
            "0db0598a-d004-4199-9609-600b977d243b"
          ],
          "failures": [],
          "pending": [],
          "skipped": [],
          "duration": 1004,
          "root": false,
          "rootEmpty": false,
          "_timeout": 2000
        },
        {
          "uuid": "1e32b4e0-cfbd-44e2-a630-ecfe58029c1f",
          "title": "Transaction",
          "fullFile": "F:\\SABERCODE QA\\QA Sanber\\API-Automation-SanberCode\\KasirAja\\allmodules.js",
          "file": "\\KasirAja\\allmodules.js",
          "beforeHooks": [],
          "afterHooks": [],
          "tests": [
            {
              "title": "Add sales",
              "fullTitle": "Transaction Add sales",
              "timedOut": false,
              "duration": 241,
              "state": "passed",
              "speed": "slow",
              "pass": true,
              "fail": false,
              "pending": false,
              "context": null,
              "code": "const response = await request(baseUrlKasirAja)\n.post('/sales')\n.set('Authorization', `Bearer ${globalToken}`)\n.send(addSales)\n\nexpect((await response).status).to.equal(201)\nexpect((await response).body.message).to.equal('transaksi ditambahkan')\nexpect((await response).body.status).to.equal('success')\nsalesID = ((await response).body.data.saleId)",
              "err": {},
              "uuid": "e46f7d05-247e-497b-8e2d-ca0fc4871b53",
              "parentUUID": "1e32b4e0-cfbd-44e2-a630-ecfe58029c1f",
              "isHook": false,
              "skipped": false
            },
            {
              "title": "Get sales order data",
              "fullTitle": "Transaction Get sales order data",
              "timedOut": false,
              "duration": 233,
              "state": "passed",
              "speed": "slow",
              "pass": true,
              "fail": false,
              "pending": false,
              "context": null,
              "code": "const response = await request(baseUrlKasirAja)\n.get(`/sales/${salesID}`)\n.set('Authorization', `Bearer ${globalToken}`)\nconsole.log(((await response).body));\nexpect((await response).status).to.equal(200)",
              "err": {},
              "uuid": "871c1f11-8a60-4360-9972-512b2178aef6",
              "parentUUID": "1e32b4e0-cfbd-44e2-a630-ecfe58029c1f",
              "isHook": false,
              "skipped": false
            },
            {
              "title": "Add transaction",
              "fullTitle": "Transaction Add transaction",
              "timedOut": false,
              "duration": 211,
              "state": "passed",
              "speed": "slow",
              "pass": true,
              "fail": false,
              "pending": false,
              "context": null,
              "code": "const response = await request(baseUrlKasirAja)\n.post(`/purchases`)\n.set('Authorization', `Bearer ${globalToken}`)\n.send(transaction)\nexpect((await response).status).to.equal(201)\nexpect((await response).body.status).to.equal('success')\nexpect((await response).body.message).to.equal('transaksi ditambahkan')\npurchaseID = ((await response).body.data.purchaseId);",
              "err": {},
              "uuid": "4dce1029-5665-46c1-9518-909f5b0af2e2",
              "parentUUID": "1e32b4e0-cfbd-44e2-a630-ecfe58029c1f",
              "isHook": false,
              "skipped": false
            },
            {
              "title": "Get list of transaction",
              "fullTitle": "Transaction Get list of transaction",
              "timedOut": false,
              "duration": 230,
              "state": "passed",
              "speed": "slow",
              "pass": true,
              "fail": false,
              "pending": false,
              "context": null,
              "code": "const response = await request(baseUrlKasirAja)\n.get(`/purchases`)\n.set('Authorization', `Bearer ${globalToken}`)\nexpect((await response).body.status).to.equal('success')\nexpect((await response).status).to.equal(200)",
              "err": {},
              "uuid": "be7d17a8-9450-4e62-9737-7230966a093c",
              "parentUUID": "1e32b4e0-cfbd-44e2-a630-ecfe58029c1f",
              "isHook": false,
              "skipped": false
            },
            {
              "title": "Get transaction detail",
              "fullTitle": "Transaction Get transaction detail",
              "timedOut": false,
              "duration": 207,
              "state": "passed",
              "speed": "slow",
              "pass": true,
              "fail": false,
              "pending": false,
              "context": null,
              "code": "const response = await request(baseUrlKasirAja)\n.get(`/purchases/${purchaseID}`)\n.set('Authorization', `Bearer ${globalToken}`)\nexpect((await response).body.status).to.equal('success')\nexpect((await response).status).to.equal(200)",
              "err": {},
              "uuid": "1b9da164-9040-45c0-8557-1820b0ff2baa",
              "parentUUID": "1e32b4e0-cfbd-44e2-a630-ecfe58029c1f",
              "isHook": false,
              "skipped": false
            }
          ],
          "suites": [],
          "passes": [
            "e46f7d05-247e-497b-8e2d-ca0fc4871b53",
            "871c1f11-8a60-4360-9972-512b2178aef6",
            "4dce1029-5665-46c1-9518-909f5b0af2e2",
            "be7d17a8-9450-4e62-9737-7230966a093c",
            "1b9da164-9040-45c0-8557-1820b0ff2baa"
          ],
          "failures": [],
          "pending": [],
          "skipped": [],
          "duration": 1122,
          "root": false,
          "rootEmpty": false,
          "_timeout": 2000
        }
      ],
      "passes": [],
      "failures": [],
      "pending": [],
      "skipped": [],
      "duration": 0,
      "root": true,
      "rootEmpty": true,
      "_timeout": 2000
    }
  ],
  "meta": {
    "mocha": {
      "version": "10.3.0"
    },
    "mochawesome": {
      "options": {
        "quiet": false,
        "reportFilename": "mochawesome",
        "saveHtml": true,
        "saveJson": true,
        "consoleReporter": "spec",
        "useInlineDiffs": false,
        "code": true
      },
      "version": "7.1.3"
    },
    "marge": {
      "options": null,
      "version": "6.2.0"
    }
  }
}